This is pdfTeX, Version 3.1415926-2.4-1.40.13 (TeX Live 2012) (format=pdflatex 2012.6.30)  11 JUN 2013 22:12
entering extended mode
 restricted \write18 enabled.
 %&-line parsing enabled.
**document.dvi
(./document.dvi
LaTeX2e <2011/06/27>
Babel <v3.8m> and hyphenation patterns for english, dumylang, nohyphenation, ge
rman-x-2012-05-30, ngerman-x-2012-05-30, afrikaans, ancientgreek, ibycus, arabi
c, armenian, basque, bulgarian, catalan, pinyin, coptic, croatian, czech, danis
h, dutch, ukenglish, usenglishmax, esperanto, estonian, ethiopic, farsi, finnis
h, french, friulan, galician, german, ngerman, swissgerman, monogreek, greek, h
ungarian, icelandic, assamese, bengali, gujarati, hindi, kannada, malayalam, ma
rathi, oriya, panjabi, tamil, telugu, indonesian, interlingua, irish, italian, 
kurmanji, latin, latvian, lithuanian, mongolian, mongolianlmc, bokmal, nynorsk,
 polish, portuguese, romanian, romansh, russian, sanskrit, serbian, serbianc, s
lovak, slovenian, spanish, swedish, turkish, turkmen, ukrainian, uppersorbian, 
welsh, loaded.

! LaTeX Error: Missing \begin{document}.

See the LaTeX manual or LaTeX Companion for explanation.
Type  H <return>  for immediate help.
 ...                                              
                                                  
l.1 ÷
     ^^B^^Aƒ’À^^\;^^@^^@^^@^^@^^Cè^^[ TeX output 2013.06.11:2212‹^^@^^@^^@^^...

? 
Missing character: There is no ÷ in font nullfont!
! Text line contains an invalid character.
l.1 ÷^^B
        ^^Aƒ’À^^\;^^@^^@^^@^^@^^Cè^^[ TeX output 2013.06.11:2212‹^^@^^@^^@^^...

? 
! Text line contains an invalid character.
l.1 ÷^^B^^A
           ƒ’À^^\;^^@^^@^^@^^@^^Cè^^[ TeX output 2013.06.11:2212‹^^@^^@^^@^^...

? 
Missing character: There is no ƒ in font nullfont!
Missing character: There is no ’ in font nullfont!
Missing character: There is no À in font nullfont!
! Text line contains an invalid character.
l.1 ÷^^B^^Aƒ’À^^\
                 ;^^@^^@^^@^^@^^Cè^^[ TeX output 2013.06.11:2212‹^^@^^@^^@^^...

? 
Missing character: There is no ; in font nullfont!
! Text line contains an invalid character.
l.1 ÷^^B^^Aƒ’À^^\;^^@
                     ^^@^^@^^@^^Cè^^[ TeX output 2013.06.11:2212‹^^@^^@^^@^^...

? 
! Text line contains an invalid character.
l.1 ÷^^B^^Aƒ’À^^\;^^@^^@
                        ^^@^^@^^Cè^^[ TeX output 2013.06.11:2212‹^^@^^@^^@^^...

? 
! Text line contains an invalid character.
l.1 ÷^^B^^Aƒ’À^^\;^^@^^@^^@
                           ^^@^^Cè^^[ TeX output 2013.06.11:2212‹^^@^^@^^@^^...

? 
! Text line contains an invalid character.
l.1 ÷^^B^^Aƒ’À^^\;^^@^^@^^@^^@
                              ^^Cè^^[ TeX output 2013.06.11:2212‹^^@^^@^^@^^...

? 
! Text line contains an invalid character.
l.1 ÷^^B^^Aƒ’À^^\;^^@^^@^^@^^@^^C
                                 è^^[ TeX output 2013.06.11:2212‹^^@^^@^^@^^...

? 
Missing character: There is no è in font nullfont!
! Text line contains an invalid character.
l.1 ÷^^B^^Aƒ’À^^\;^^@^^@^^@^^@^^Cè^^[
                                      TeX output 2013.06.11:2212‹^^@^^@^^@^^...

? 
Missing character: There is no T in font nullfont!
Missing character: There is no e in font nullfont!
Missing character: There is no X in font nullfont!
Missing character: There is no o in font nullfont!
Missing character: There is no u in font nullfont!
Missing character: There is no t in font nullfont!
Missing character: There is no p in font nullfont!
Missing character: There is no u in font nullfont!
Missing character: There is no t in font nullfont!
Missing character: There is no 2 in font nullfont!
Missing character: There is no 0 in font nullfont!
Missing character: There is no 1 in font nullfont!
Missing character: There is no 3 in font nullfont!
Missing character: There is no . in font nullfont!
Missing character: There is no 0 in font nullfont!
Missing character: There is no 6 in font nullfont!
Missing character: There is no . in font nullfont!
Missing character: There is no 1 in font nullfont!
Missing character: There is no 1 in font nullfont!
Missing character: There is no : in font nullfont!
Missing character: There is no 2 in font nullfont!
Missing character: There is no 2 in font nullfont!
Missing character: There is no 1 in font nullfont!
Missing character: There is no 2 in font nullfont!
Missing character: There is no ‹ in font nullfont!
! Text line contains an invalid character.
l.1 ...^@^^@^^Cè^^[ TeX output 2013.06.11:2212‹^^@
                                                  ^^@^^@^^A^^@^^@^^@^^@^^@^^...

? 
! Text line contains an invalid character.
l.1 ...^@^^Cè^^[ TeX output 2013.06.11:2212‹^^@^^@
                                                  ^^@^^A^^@^^@^^@^^@^^@^^@^^...

? 
! Text line contains an invalid character.
l.1 ...^Cè^^[ TeX output 2013.06.11:2212‹^^@^^@^^@
                                                  ^^A^^@^^@^^@^^@^^@^^@^^@^^...

? 
! Text line contains an invalid character.
l.1 ...^^[ TeX output 2013.06.11:2212‹^^@^^@^^@^^A
                                                  ^^@^^@^^@^^@^^@^^@^^@^^@^^...

? 
! Text line contains an invalid character.
l.1 ... TeX output 2013.06.11:2212‹^^@^^@^^@^^A^^@
                                                  ^^@^^@^^@^^@^^@^^@^^@^^@^^...

? 
! Text line contains an invalid character.
l.1 ...X output 2013.06.11:2212‹^^@^^@^^@^^A^^@^^@
                                                  ^^@^^@^^@^^@^^@^^@^^@^^@^^...

? 
! Text line contains an invalid character.
l.1 ...utput 2013.06.11:2212‹^^@^^@^^@^^A^^@^^@^^@
                                                  ^^@^^@^^@^^@^^@^^@^^@^^@^^...

? 
! Text line contains an invalid character.
l.1 ...ut 2013.06.11:2212‹^^@^^@^^@^^A^^@^^@^^@^^@
                                                  ^^@^^@^^@^^@^^@^^@^^@^^@^^...

? 
! Text line contains an invalid character.
l.1 ...2013.06.11:2212‹^^@^^@^^@^^A^^@^^@^^@^^@^^@
                                                  ^^@^^@^^@^^@^^@^^@^^@^^@^^...

? 
! Text line contains an invalid character.
l.1 ...3.06.11:2212‹^^@^^@^^@^^A^^@^^@^^@^^@^^@^^@
                                                  ^^@^^@^^@^^@^^@^^@^^@^^@^^...

? 
! Text line contains an invalid character.
l.1 ...6.11:2212‹^^@^^@^^@^^A^^@^^@^^@^^@^^@^^@^^@
                                                  ^^@^^@^^@^^@^^@^^@^^@^^@^^...

? 
! Text line contains an invalid character.
l.1 ...1:2212‹^^@^^@^^@^^A^^@^^@^^@^^@^^@^^@^^@^^@
                                                  ^^@^^@^^@^^@^^@^^@^^@^^@^^...

? 
! Text line contains an invalid character.
l.1 ...212‹^^@^^@^^@^^A^^@^^@^^@^^@^^@^^@^^@^^@^^@
                                                  ^^@^^@^^@^^@^^@^^@^^@^^@^^...

? 
! Text line contains an invalid character.
l.1 ...‹^^@^^@^^@^^A^^@^^@^^@^^@^^@^^@^^@^^@^^@^^@
                                                  ^^@^^@^^@^^@^^@^^@^^@^^@^^...

? 
! Text line contains an invalid character.
l.1 ...@^^@^^@^^A^^@^^@^^@^^@^^@^^@^^@^^@^^@^^@^^@
                                                  ^^@^^@^^@^^@^^@^^@^^@^^@^^...

? 
! Text line contains an invalid character.
l.1 ...@^^@^^A^^@^^@^^@^^@^^@^^@^^@^^@^^@^^@^^@^^@
                                                  ^^@^^@^^@^^@^^@^^@^^@^^@^^...

? 
! Text line contains an invalid character.
l.1 ...@^^A^^@^^@^^@^^@^^@^^@^^@^^@^^@^^@^^@^^@^^@
                                                  ^^@^^@^^@^^@^^@^^@^^@^^@^^...

? 
! Text line contains an invalid character.
l.1 ...A^^@^^@^^@^^@^^@^^@^^@^^@^^@^^@^^@^^@^^@^^@
                                                  ^^@^^@^^@^^@^^@^^@^^@^^@^^...

? 
! Text line contains an invalid character.
l.1 ...@^^@^^@^^@^^@^^@^^@^^@^^@^^@^^@^^@^^@^^@^^@
                                                  ^^@^^@^^@^^@^^@^^@^^@^^@^^...

? 
! Text line contains an invalid character.
l.1 ...@^^@^^@^^@^^@^^@^^@^^@^^@^^@^^@^^@^^@^^@^^@
                                                  ^^@^^@^^@^^@^^@^^@^^@^^@^^...

? 
! Text line contains an invalid character.
l.1 ...@^^@^^@^^@^^@^^@^^@^^@^^@^^@^^@^^@^^@^^@^^@
                                                  ^^@^^@^^@^^@^^@^^@^^@^^@^^...

? 
! Text line contains an invalid character.
l.1 ...@^^@^^@^^@^^@^^@^^@^^@^^@^^@^^@^^@^^@^^@^^@
                                                  ^^@^^@^^@^^@^^@^^@^^@^^@^^...

?  q
Type <return> to proceed, S to scroll future error messages,
R to run without stopping, Q to run quietly,
I to insert something, E to edit your file,
H for help, X to quit.
? 
! Text line contains an invalid character.
l.1 ...@^^@^^@^^@^^@^^@^^@^^@^^@^^@^^@^^@^^@^^@^^@
                                                  ^^@^^@^^@^^@^^@^^@^^@^^@^^...

? 
! Text line contains an invalid character.
l.1 ...@^^@^^@^^@^^@^^@^^@^^@^^@^^@^^@^^@^^@^^@^^@
                                                  ^^@^^@^^@^^@^^@^^@^^@^^@^^...

? 
! Text line contains an invalid character.
l.1 ...@^^@^^@^^@^^@^^@^^@^^@^^@^^@^^@^^@^^@^^@^^@
                                                  ^^@^^@^^@^^@^^@^^@^^@^^@^^...

? 
! Emergency stop.
l.1 ...@^^@^^@^^@^^@^^@^^@^^@^^@^^@^^@^^@^^@^^@^^@
                                                  ^^@^^@^^@^^@^^@^^@^^@^^@^^...
End of file on the terminal!

 
Here is how much of TeX's memory you used:
 4 strings out of 493488
 122 string characters out of 3141326
 49432 words of memory out of 3000000
 3412 multiletter control sequences out of 15000+200000
 3640 words of font info for 14 fonts, out of 3000000 for 9000
 957 hyphenation exceptions out of 8191
 5i,0n,4p,465b,14s stack positions out of 5000i,500n,10000p,200000b,50000s
!  ==> Fatal error occurred, no output PDF file produced!
